<?xml version="1.0" encoding="UTF-8"?>
<testng-results ignored="0" total="1" passed="1" failed="0" skipped="0">
  <reporter-output>
  </reporter-output>
  <suite started-at="2023-03-04T12:52:38 IST" name="Default suite" finished-at="2023-03-04T12:52:54 IST" duration-ms="15959">
    <groups>
    </groups>
    <test started-at="2023-03-04T12:52:38 IST" name="Default test" finished-at="2023-03-04T12:52:54 IST" duration-ms="15959">
      <class name="com.qa.testscripts.TestAcademicMembership">
        <test-method is-config="true" signature="OnSetup()[pri:0, instance:com.qa.testscripts.TestAcademicMembership@4567f35d]" started-at="2023-03-04T12:52:38 IST" name="OnSetup" finished-at="2023-03-04T12:52:49 IST" duration-ms="10758" status="PASS">
          <reporter-output>
          </reporter-output>
        </test-method> <!-- OnSetup -->
        <test-method is-config="true" signature="beforeClass()[pri:0, instance:com.qa.testscripts.TestAcademicMembership@4567f35d]" started-at="2023-03-04T12:52:49 IST" name="beforeClass" finished-at="2023-03-04T12:52:49 IST" duration-ms="54" status="PASS">
          <reporter-output>
          </reporter-output>
        </test-method> <!-- beforeClass -->
        <test-method signature="renewMembership()[pri:0, instance:com.qa.testscripts.TestAcademicMembership@4567f35d]" started-at="2023-03-04T12:52:49 IST" name="renewMembership" finished-at="2023-03-04T12:52:52 IST" duration-ms="2824" status="PASS">
          <reporter-output>
          </reporter-output>
        </test-method> <!-- renewMembership -->
        <test-method is-config="true" signature="afterTest()[pri:0, instance:com.qa.testscripts.TestAcademicMembership@4567f35d]" started-at="2023-03-04T12:52:52 IST" name="afterTest" finished-at="2023-03-04T12:52:54 IST" duration-ms="2281" status="PASS">
          <reporter-output>
          </reporter-output>
        </test-method> <!-- afterTest -->
      </class> <!-- com.qa.testscripts.TestAcademicMembership -->
    </test> <!-- Default test -->
  </suite> <!-- Default suite -->
</testng-results>
