<?xml version="1.0" encoding="UTF-8"?>
<testng-results ignored="0" total="7" passed="7" failed="0" skipped="0">
  <reporter-output>
  </reporter-output>
  <suite started-at="2023-03-05T13:04:34 IST" name="Default suite" finished-at="2023-03-05T13:06:59 IST" duration-ms="144861">
    <groups>
    </groups>
    <test started-at="2023-03-05T13:04:34 IST" name="Default test" finished-at="2023-03-05T13:06:59 IST" duration-ms="144861">
      <class name="com.qa.testscripts.Coursetestclass">
        <test-method is-config="true" signature="OnSetup()[pri:0, instance:com.qa.testscripts.Coursetestclass@359f7cdf]" started-at="2023-03-05T13:04:34 IST" name="OnSetup" finished-at="2023-03-05T13:04:50 IST" duration-ms="15847" status="PASS">
          <reporter-output>
          </reporter-output>
        </test-method> <!-- OnSetup -->
        <test-method signature="coursepageverification()[pri:1, instance:com.qa.testscripts.Coursetestclass@359f7cdf]" started-at="2023-03-05T13:04:50 IST" name="coursepageverification" finished-at="2023-03-05T13:05:08 IST" duration-ms="18071" status="PASS">
          <reporter-output>
          </reporter-output>
        </test-method> <!-- coursepageverification -->
        <test-method signature="selectdatasciencepage()[pri:2, instance:com.qa.testscripts.Coursetestclass@359f7cdf]" started-at="2023-03-05T13:05:08 IST" name="selectdatasciencepage" finished-at="2023-03-05T13:05:16 IST" duration-ms="8106" status="PASS">
          <reporter-output>
          </reporter-output>
        </test-method> <!-- selectdatasciencepage -->
        <test-method signature="datasciencepageselection()[pri:3, instance:com.qa.testscripts.Coursetestclass@359f7cdf]" started-at="2023-03-05T13:05:16 IST" name="datasciencepageselection" finished-at="2023-03-05T13:05:21 IST" duration-ms="4226" status="PASS">
          <reporter-output>
          </reporter-output>
        </test-method> <!-- datasciencepageselection -->
        <test-method signature="searchverificationwithinvaliddata()[pri:3, instance:com.qa.testscripts.Coursetestclass@359f7cdf]" started-at="2023-03-05T13:05:21 IST" name="searchverificationwithinvaliddata" finished-at="2023-03-05T13:05:36 IST" duration-ms="15291" status="PASS">
          <reporter-output>
          </reporter-output>
        </test-method> <!-- searchverificationwithinvaliddata -->
        <test-method signature="datsciencepageverification()[pri:4, instance:com.qa.testscripts.Coursetestclass@359f7cdf]" started-at="2023-03-05T13:05:36 IST" name="datsciencepageverification" finished-at="2023-03-05T13:05:39 IST" duration-ms="3341" status="PASS">
          <reporter-output>
          </reporter-output>
        </test-method> <!-- datsciencepageverification -->
        <test-method signature="tabverificationofdatasciencepage()[pri:5, instance:com.qa.testscripts.Coursetestclass@359f7cdf]" started-at="2023-03-05T13:05:39 IST" name="tabverificationofdatasciencepage" finished-at="2023-03-05T13:06:04 IST" duration-ms="24803" status="PASS">
          <reporter-output>
          </reporter-output>
        </test-method> <!-- tabverificationofdatasciencepage -->
        <test-method signature="verificationofmodelpagedownloads()[pri:6, instance:com.qa.testscripts.Coursetestclass@359f7cdf]" started-at="2023-03-05T13:06:04 IST" name="verificationofmodelpagedownloads" finished-at="2023-03-05T13:06:54 IST" duration-ms="49860" status="PASS">
          <reporter-output>
          </reporter-output>
        </test-method> <!-- verificationofmodelpagedownloads -->
        <test-method is-config="true" signature="afterTest()[pri:0, instance:com.qa.testscripts.Coursetestclass@359f7cdf]" started-at="2023-03-05T13:06:54 IST" name="afterTest" finished-at="2023-03-05T13:06:59 IST" duration-ms="5210" status="PASS">
          <reporter-output>
          </reporter-output>
        </test-method> <!-- afterTest -->
      </class> <!-- com.qa.testscripts.Coursetestclass -->
    </test> <!-- Default test -->
  </suite> <!-- Default suite -->
</testng-results>
