<?xml version="1.0" encoding="UTF-8"?>
<!-- Generated by org.testng.reporters.JUnitXMLReporter -->
<testsuite ignored="0" hostname="DESKTOP-JQLVGDP" failures="0" tests="7" name="Default test" time="144.861" errors="0" timestamp="2023-03-05T13:07:00 IST">
  <testcase classname="com.qa.testscripts.Coursetestclass" name="coursepageverification" time="18.071"/>
  <testcase classname="com.qa.testscripts.Coursetestclass" name="selectdatasciencepage" time="8.106"/>
  <testcase classname="com.qa.testscripts.Coursetestclass" name="datasciencepageselection" time="4.226"/>
  <testcase classname="com.qa.testscripts.Coursetestclass" name="searchverificationwithinvaliddata" time="15.291"/>
  <testcase classname="com.qa.testscripts.Coursetestclass" name="datsciencepageverification" time="3.341"/>
  <testcase classname="com.qa.testscripts.Coursetestclass" name="tabverificationofdatasciencepage" time="24.803"/>
  <testcase classname="com.qa.testscripts.Coursetestclass" name="verificationofmodelpagedownloads" time="49.86"/>
</testsuite> <!-- Default test -->
